<?xml version="1.0" encoding="UTF-8"?>
<testsuite xmlns:xsi="http://www.w3.org/2001/XMLSchema-instance" xsi:noNamespaceSchemaLocation="https://maven.apache.org/surefire/maven-surefire-plugin/xsd/surefire-test-report-3.0.xsd" version="3.0" name="com.khanhisdev.emailservice.EmailServiceApplicationTests" time="3.008" tests="1" errors="0" skipped="0" failures="0">
  <properties>
[...]
</properties>
  <testcase name="contextLoads" classname="com.khanhisdev.emailservice.EmailServiceApplicationTests" time="0.705">
    <system-out><![CDATA[23:52:42.065 [main] INFO org.springframework.test.context.support.AnnotationConfigContextLoaderUtils -- Could not detect default configuration classes for test class [com.khanhisdev.emailservice.EmailServiceApplicationTests]: EmailServiceApplicationTests does not declare any static, non-private, non-final, nested classes annotated with @Configuration.
23:52:42.182 [main] INFO org.springframework.boot.test.context.SpringBootTestContextBootstrapper -- Found @SpringBootConfiguration com.khanhisdev.emailservice.EmailServiceApplication for test class com.khanhisdev.emailservice.EmailServiceApplicationTests
23:52:42.347 [main] INFO org.springframework.boot.devtools.restart.RestartApplicationListener -- Restart disabled due to context in which it is running

  .   ____          _            __ _ _
 /\\ / ___'_ __ _ _(_)_ __  __ _ \ \ \ \
( ( )\___ | '_ | '_| | '_ \/ _` | \ \ \ \
 \\/  ___)| |_)| | | | | || (_| |  ) ) ) )
  '  |____| .__|_| |_|_| |_\__, | / / / /
 =========|_|==============|___/=/_/_/_/
 :: Spring Boot ::                (v3.2.8)

2024-07-29T23:52:42.627+07:00  INFO 23968 --- [email-service] [           main] c.k.e.EmailServiceApplicationTests       : Starting EmailServiceApplicationTests using Java 22.0.1 with PID 23968 (started by NITRO 5 in D:\Springboot-microservices\email-service\email-service)
2024-07-29T23:52:42.628+07:00  INFO 23968 --- [email-service] [           main] c.k.e.EmailServiceApplicationTests       : No active profile set, falling back to 1 default profile: "default"
2024-07-29T23:52:44.016+07:00  INFO 23968 --- [email-service] [           main] o.s.a.r.c.CachingConnectionFactory       : Attempting to connect to: [localhost:5672]
2024-07-29T23:52:44.139+07:00  INFO 23968 --- [email-service] [           main] o.s.a.r.c.CachingConnectionFactory       : Created new connection: rabbitConnectionFactory#4eea94a4:0/SimpleConnection@76396509 [delegate=amqp://guest@127.0.0.1:5672/, localPort=60727]
2024-07-29T23:52:44.207+07:00  INFO 23968 --- [email-service] [           main] c.k.e.EmailServiceApplicationTests       : Started EmailServiceApplicationTests in 1.874 seconds (process running for 2.729)
]]></system-out>
    <system-err><![CDATA[WARNING: A Java agent has been loaded dynamically (C:\Users\NITRO 5\.m2\repository\net\bytebuddy\byte-buddy-agent\1.14.18\byte-buddy-agent-1.14.18.jar)
WARNING: If a serviceability tool is in use, please run with -XX:+EnableDynamicAgentLoading to hide this warning
WARNING: If a serviceability tool is not in use, please run with -Djdk.instrument.traceUsage for more information
WARNING: Dynamic loading of agents will be disallowed by default in a future release
]]></system-err>
  </testcase>
</testsuite>